#
# There is insufficient memory for the Java Runtime Environment to continue.
# Native memory allocation (malloc) failed to allocate 32744 bytes for ChunkPool::allocate
# Possible reasons:
#   The system is out of physical RAM or swap space
#   The process is running with CompressedOops enabled, and the Java Heap may be blocking the growth of the native heap
# Possible solutions:
#   Reduce memory load on the system
#   Increase physical memory or swap space
#   Check if swap backing store is full
#   Decrease Java heap size (-Xmx/-Xms)
#   Decrease number of Java threads
#   Decrease Java thread stack sizes (-Xss)
#   Set larger code cache with -XX:ReservedCodeCacheSize=
#   JVM is running with Unscaled Compressed Oops mode in which the Java heap is
#     placed in the first 4GB address space. The Java Heap base address is the
#     maximum limit for the native heap growth. Please use -XX:HeapBaseMinAddress
#     to set the Java Heap base and to place the Java Heap above 4GB virtual address.
# This output file may be truncated or incomplete.
#
#  Out of Memory Error (allocation.cpp:272), pid=7460, tid=0x000000000000285c
#
# JRE version: Java(TM) SE Runtime Environment (8.0_251-b08) (build 1.8.0_251-b08)
# Java VM: Java HotSpot(TM) 64-Bit Server VM (25.251-b08 mixed mode windows-amd64 compressed oops)
# Failed to write core dump. Minidumps are not enabled by default on client versions of Windows
#

---------------  T H R E A D  ---------------

Current thread (0x0000000018ce6800):  JavaThread "C1 CompilerThread2" daemon [_thread_in_native, id=10332, stack(0x0000000019560000,0x0000000019660000)]

Stack: [0x0000000019560000,0x0000000019660000]
[error occurred during error reporting (printing stack bounds), id 0xc0000005]

Native frames: (J=compiled Java code, j=interpreted, Vv=VM code, C=native code)


Current CompileTask:
C1:    502  189       3       jdk.internal.org.objectweb.asm.Frame::execute (2252 bytes)


---------------  P R O C E S S  ---------------

Java Threads: ( => current thread )
  0x0000000018d50000 JavaThread "Service Thread" daemon [_thread_blocked, id=6868, stack(0x0000000019660000,0x0000000019760000)]
=>0x0000000018ce6800 JavaThread "C1 CompilerThread2" daemon [_thread_in_native, id=10332, stack(0x0000000019560000,0x0000000019660000)]
  0x0000000017948000 JavaThread "C2 CompilerThread1" daemon [_thread_blocked, id=6220, stack(0x0000000019460000,0x0000000019560000)]
  0x0000000017945000 JavaThread "C2 CompilerThread0" daemon [_thread_blocked, id=9188, stack(0x0000000019360000,0x0000000019460000)]
  0x000000001794a000 JavaThread "Monitor Ctrl-Break" daemon [_thread_in_native, id=6192, stack(0x0000000019260000,0x0000000019360000)]
  0x0000000018ca3800 JavaThread "Attach Listener" daemon [_thread_blocked, id=7960, stack(0x0000000019160000,0x0000000019260000)]
  0x0000000017915000 JavaThread "Signal Dispatcher" daemon [_thread_blocked, id=12196, stack(0x0000000019060000,0x0000000019160000)]
  0x0000000002c9b800 JavaThread "Finalizer" daemon [_thread_blocked, id=10664, stack(0x0000000018b60000,0x0000000018c60000)]
  0x0000000002c98000 JavaThread "Reference Handler" daemon [_thread_blocked, id=4920, stack(0x0000000018a60000,0x0000000018b60000)]
  0x0000000002ba8000 JavaThread "main" [_thread_in_vm, id=3908, stack(0x00000000029a0000,0x0000000002aa0000)]

Other Threads:
  0x00000000178c7800 VMThread [stack: 0x0000000018960000,0x0000000018a60000] [id=7780]
  0x0000000018d57000 WatcherThread [stack: 0x0000000019760000,0x0000000019860000] [id=10928]

VM state:not at safepoint (normal execution)

VM Mutex/Monitor currently owned by a thread: None

heap address: 0x0000000081600000, size: 2026 MB, Compressed Oops mode: 32-bit
Narrow klass base: 0x0000000000000000, Narrow klass shift: 3
Compressed class space size: 1073741824 Address: 0x0000000100000000

Heap:
 PSYoungGen      total 38400K, used 5337K [0x00000000d5d00000, 0x00000000d8780000, 0x0000000100000000)
  eden space 33280K, 16% used [0x00000000d5d00000,0x00000000d6236568,0x00000000d7d80000)
  from space 5120K, 0% used [0x00000000d8280000,0x00000000d8280000,0x00000000d8780000)
  to   space 5120K, 0% used [0x00000000d7d80000,0x00000000d7d80000,0x00000000d8280000)
 ParOldGen       total 87552K, used 0K [0x0000000081600000, 0x0000000086b80000, 0x00000000d5d00000)
  object space 87552K, 0% used [0x0000000081600000,0x0000000081600000,0x0000000086b80000)
 Metaspace       used 4292K, capacity 4822K, committed 4992K, reserved 1056768K
  class space    used 466K, capacity 539K, committed 640K, reserved 1048576K

Card table byte_map: [0x0000000012160000,0x0000000012560000] byte_map_base: 0x0000000011d55000

Marking Bits: (ParMarkBitMap*) 0x000000006fecaf90
 Begin Bits: [0x0000000012c10000, 0x0000000014bb8000)
 End Bits:   [0x0000000014bb8000, 0x0000000016b60000)

Polling page: 0x0000000000910000

CodeCache: size=245760Kb used=1410Kb max_used=1410Kb free=244349Kb
 bounds [0x0000000002da0000, 0x0000000003010000, 0x0000000011da0000]
 total_blobs=474 nmethods=196 adapters=191
 compilation: enabled

Compilation events (10 events):
Event: 0.498 Thread 0x0000000018ce6800 nmethod 183 0x0000000002eff190 code [0x0000000002eff2e0, 0x0000000002eff3f0]
Event: 0.498 Thread 0x0000000018ce6800  184       1       java.lang.invoke.LambdaForm$BasicType::basicTypeChar (5 bytes)
Event: 0.498 Thread 0x0000000018ce6800 nmethod 184 0x0000000002eff450 code [0x0000000002eff5a0, 0x0000000002eff6b0]
Event: 0.498 Thread 0x0000000018ce6800  185       1       java.lang.invoke.LambdaForm$BasicType::access$100 (5 bytes)
Event: 0.498 Thread 0x0000000018ce6800 nmethod 185 0x0000000002eff710 code [0x0000000002eff860, 0x0000000002eff950]
Event: 0.498 Thread 0x0000000018ce6800  186       1       java.lang.invoke.LambdaForm$Name::access$000 (5 bytes)
Event: 0.498 Thread 0x0000000018ce6800 nmethod 186 0x0000000002eff9d0 code [0x0000000002effb20, 0x0000000002effc10]
Event: 0.498 Thread 0x0000000018ce6800  187       1       java.lang.invoke.LambdaForm$BasicType::basicTypeClass (5 bytes)
Event: 0.498 Thread 0x0000000018ce6800 nmethod 187 0x0000000002effc90 code [0x0000000002effde0, 0x0000000002effef0]
Event: 0.499 Thread 0x0000000018ce6800  189       3       jdk.internal.org.objectweb.asm.Frame::execute (2252 bytes)

GC Heap History (0 events):
No events

Deoptimization events (0 events):
No events

Classes redefined (0 events):
No events

Internal exceptions (2 events):
Event: 0.184 Thread 0x0000000002ba8000 Exception <a 'java/lang/NoSuchMethodError': Method sun.misc.Unsafe.defineClass(Ljava/lang/String;[BII)Ljava/lang/Class; name or signature does not match> (0x00000000d5d07cc0) thrown at [C:\jenkins\workspace\8-2-build-windows-amd64-cygwin\jdk8u251\737\hots
Event: 0.184 Thread 0x0000000002ba8000 Exception <a 'java/lang/NoSuchMethodError': Method sun.misc.Unsafe.prefetchRead(Ljava/lang/Object;J)V name or signature does not match> (0x00000000d5d07fa8) thrown at [C:\jenkins\workspace\8-2-build-windows-amd64-cygwin\jdk8u251\737\hotspot\src\share\vm\p

Events (10 events):
Event: 0.490 loading class java/lang/invoke/MethodHandleImpl$AsVarargsCollector
Event: 0.490 loading class java/lang/invoke/DelegatingMethodHandle
Event: 0.490 loading class java/lang/invoke/DelegatingMethodHandle done
Event: 0.491 loading class java/lang/invoke/MethodHandleImpl$AsVarargsCollector done
Event: 0.491 loading class java/lang/invoke/WrongMethodTypeException
Event: 0.491 loading class java/lang/invoke/WrongMethodTypeException done
Event: 0.492 loading class java/lang/invoke/MethodHandleImpl$Lazy
Event: 0.492 loading class java/lang/invoke/MethodHandleImpl$Lazy done
Event: 0.492 loading class java/lang/invoke/MethodHandleImpl$IntrinsicMethodHandle
Event: 0.492 loading class java/lang/invoke/MethodHandleImpl$IntrinsicMethodHandle done


Dynamic libraries:
0x00007ff6a2ee0000 - 0x00007ff6a2f17000 	C:\Program Files\Java\jdk1.8.0_251\bin\java.exe
0x00007ffb8c700000 - 0x00007ffb8c8f0000 	C:\Windows\SYSTEM32\ntdll.dll
0x00007ffb8c120000 - 0x00007ffb8c1d2000 	C:\Windows\System32\KERNEL32.DLL
0x00007ffb8a030000 - 0x00007ffb8a2d4000 	C:\Windows\System32\KERNELBASE.dll
0x00007ffb8c340000 - 0x00007ffb8c3e3000 	C:\Windows\System32\ADVAPI32.dll
0x00007ffb8c080000 - 0x00007ffb8c11e000 	C:\Windows\System32\msvcrt.dll
0x00007ffb8c5a0000 - 0x00007ffb8c637000 	C:\Windows\System32\sechost.dll
0x00007ffb8aa10000 - 0x00007ffb8ab30000 	C:\Windows\System32\RPCRT4.dll
0x00007ffb8c3f0000 - 0x00007ffb8c584000 	C:\Windows\System32\USER32.dll
0x00007ffb8a430000 - 0x00007ffb8a451000 	C:\Windows\System32\win32u.dll
0x00007ffb8ba40000 - 0x00007ffb8ba66000 	C:\Windows\System32\GDI32.dll
0x00007ffb8a560000 - 0x00007ffb8a6f6000 	C:\Windows\System32\gdi32full.dll
0x00007ffb8a360000 - 0x00007ffb8a3fe000 	C:\Windows\System32\msvcp_win.dll
0x00007ffb8a460000 - 0x00007ffb8a55a000 	C:\Windows\System32\ucrtbase.dll
0x00007ffb79cb0000 - 0x00007ffb79f34000 	C:\Windows\WinSxS\amd64_microsoft.windows.common-controls_6595b64144ccf1df_6.0.18362.959_none_e6c7bbbf130c62bb\COMCTL32.dll
0x00007ffb8ad10000 - 0x00007ffb8b045000 	C:\Windows\System32\combase.dll
0x00007ffb8a2e0000 - 0x00007ffb8a360000 	C:\Windows\System32\bcryptPrimitives.dll
0x00007ffb8ab30000 - 0x00007ffb8ab5e000 	C:\Windows\System32\IMM32.DLL
0x000000006ff50000 - 0x0000000070022000 	C:\Program Files\Java\jdk1.8.0_251\jre\bin\msvcr100.dll
0x000000006f6a0000 - 0x000000006ff4b000 	C:\Program Files\Java\jdk1.8.0_251\jre\bin\server\jvm.dll
0x00007ffb8c590000 - 0x00007ffb8c598000 	C:\Windows\System32\PSAPI.DLL
0x00007ffb86080000 - 0x00007ffb86089000 	C:\Windows\SYSTEM32\WSOCK32.dll
0x00007ffb8bad0000 - 0x00007ffb8bb3f000 	C:\Windows\System32\WS2_32.dll
0x00007ffb874d0000 - 0x00007ffb874f4000 	C:\Windows\SYSTEM32\WINMM.dll
0x00007ffb84f90000 - 0x00007ffb84f9a000 	C:\Windows\SYSTEM32\VERSION.dll
0x00007ffb87130000 - 0x00007ffb8715d000 	C:\Windows\SYSTEM32\WINMMBASE.dll
0x00007ffb89e10000 - 0x00007ffb89e5a000 	C:\Windows\System32\cfgmgr32.dll
0x00007ffb78940000 - 0x00007ffb7894f000 	C:\Program Files\Java\jdk1.8.0_251\jre\bin\verify.dll
0x00007ffb787a0000 - 0x00007ffb787c9000 	C:\Program Files\Java\jdk1.8.0_251\jre\bin\java.dll
0x00007ffb77620000 - 0x00007ffb77643000 	C:\Program Files\Java\jdk1.8.0_251\jre\bin\instrument.dll
0x00007ffb78920000 - 0x00007ffb78936000 	C:\Program Files\Java\jdk1.8.0_251\jre\bin\zip.dll
0x00007ffb8b180000 - 0x00007ffb8b866000 	C:\Windows\System32\SHELL32.dll
0x00007ffb8b990000 - 0x00007ffb8ba39000 	C:\Windows\System32\shcore.dll
0x00007ffb89680000 - 0x00007ffb89e02000 	C:\Windows\System32\windows.storage.dll
0x00007ffb895c0000 - 0x00007ffb895e3000 	C:\Windows\System32\profapi.dll
0x00007ffb895f0000 - 0x00007ffb8963a000 	C:\Windows\System32\powrprof.dll
0x00007ffb895b0000 - 0x00007ffb895c0000 	C:\Windows\System32\UMPDC.dll
0x00007ffb8ba70000 - 0x00007ffb8bac2000 	C:\Windows\System32\shlwapi.dll
0x00007ffb89660000 - 0x00007ffb89671000 	C:\Windows\System32\kernel.appcore.dll
0x00007ffb89e60000 - 0x00007ffb89e77000 	C:\Windows\System32\cryptsp.dll
0x00007ffb785a0000 - 0x00007ffb785ba000 	E:\Program Files\JetBrains\IntelliJ IDEA 2020.1\bin\breakgen64.dll
0x00007ffb78740000 - 0x00007ffb7875a000 	C:\Program Files\Java\jdk1.8.0_251\jre\bin\net.dll
0x00007ffb88d70000 - 0x00007ffb88dd7000 	C:\Windows\system32\mswsock.dll

VM Arguments:
jvm_args: -ea -Didea.test.cyclic.buffer.size=1048576 -javaagent:E:\Program Files\JetBrains\IntelliJ IDEA 2020.1\lib\idea_rt.jar=56595:E:\Program Files\JetBrains\IntelliJ IDEA 2020.1\bin -Dfile.encoding=UTF-8 
java_command: com.intellij.rt.junit.JUnitStarter -ideVersion5 -junit5 com.github.admin.MockMultiThreadRequest,thread
java_class_path (initial): E:\Program Files\JetBrains\IntelliJ IDEA 2020.1\lib\idea_rt.jar;C:\Users\Hyx\.m2\repository\org\junit\platform\junit-platform-launcher\1.7.0\junit-platform-launcher-1.7.0.jar;C:\Users\Hyx\.m2\repository\org\apiguardian\apiguardian-api\1.1.0\apiguardian-api-1.1.0.jar;C:\Users\Hyx\.m2\repository\org\junit\platform\junit-platform-engine\1.7.0\junit-platform-engine-1.7.0.jar;C:\Users\Hyx\.m2\repository\org\opentest4j\opentest4j\1.2.0\opentest4j-1.2.0.jar;C:\Users\Hyx\.m2\repository\org\junit\platform\junit-platform-commons\1.7.0\junit-platform-commons-1.7.0.jar;C:\Users\Hyx\.m2\repository\org\junit\vintage\junit-vintage-engine\5.7.0\junit-vintage-engine-5.7.0.jar;C:\Users\Hyx\.m2\repository\junit\junit\4.13\junit-4.13.jar;C:\Users\Hyx\.m2\repository\org\hamcrest\hamcrest-core\1.3\hamcrest-core-1.3.jar;E:\Program Files\JetBrains\IntelliJ IDEA 2020.1\plugins\junit\lib\junit5-rt.jar;E:\Program Files\JetBrains\IntelliJ IDEA 2020.1\plugins\junit\lib\junit-rt.jar;C:\Program Files\Java\jdk1.8.0_251\jre\lib\charsets.jar;C:\Program Files\Java\jdk1.8.0_251\jre\lib\deploy.jar;C:\Program Files\Java\jdk1.8.0_251\jre\lib\ext\access-bridge-64.jar;C:\Program Files\Java\jdk1.8.0_251\jre\lib\ext\cldrdata.jar;C:\Program Files\Java\jdk1.8.0_251\jre\lib\ext\dnsns.jar;C:\Program Files\Java\jdk1.8.0_251\jre\lib\ext\jaccess.jar;C:\Program Files\Java\jdk1.8.0_251\jre\lib\ext\jfxrt.jar;C:\Program Files\Java\jdk1.8.0_251\jre\lib\ext\localedata.jar;C:\Program Files\Java\jdk1.8.0_251\jre\lib\ext\nashorn.jar;C:\Program Files\Java\jdk1.8.0_251\jre\lib\ext\sunec.jar;C:\Program Files\Java\jdk1.8.0_251\jre\lib\ext\sunjce_provider.jar;C:\Program Files\Java\jdk1.8.0_251\jre\lib\ext\sunmscapi.jar;C:\Program Files\Java\jdk1.8.0_251\jre\lib\ext\sunpkcs11.jar;C:\Program Files\Java\jdk1.8.0_251\jre\lib\ext\zipfs.jar;C:\Program Files\Java\jdk1.8.0_251\jre\lib\javaws.jar;C:\Program Files\Java\jdk1.8.0_251\jre\lib\jce.jar;C:\Program Files\Java\jdk1.8.0_251\jre\lib\jfr.jar;C:\Program F
Launcher Type: SUN_STANDARD

Environment Variables:
JAVA_HOME=C:\Program Files\Java\jdk1.8.0_251
CLASSPATH=.;C:\Program Files\Java\jdk1.8.0_251\jre\bin;C:\Program Files\Java\jdk1.8.0_251\lib;C:\Program Files\Java\jdk1.8.0_251\lib\tools.jar;
PATH=C:\Windows\system32;C:\Windows;C:\Windows\System32\Wbem;C:\Windows\System32\WindowsPowerShell\v1.0\;C:\Windows\System32\OpenSSH\;C:\Program Files\Java\jdk1.8.0_251\bin;C:\Program Files\Java\jdk1.8.0_251\jre\bin;C:\Program Files\Git\cmd;E:\gradle-6.5\bin;E:\apache-maven-3.6.3\bin;C:\Program Files\MySQL\MySQL Server 8.0\bin;C:\Program Files\Java\jdk1.8.0_251\bin;C:\Program Files\nodejs;C:\Program Files (x86)\Yarn\bin\;C:\Users\Hyx\AppData\Local\Microsoft\WindowsApps;C:\Users\Hyx\AppData\Roaming\npm;C:\Users\Hyx\AppData\Local\Yarn\bin
USERNAME=Hyx
OS=Windows_NT
PROCESSOR_IDENTIFIER=Intel64 Family 6 Model 158 Stepping 9, GenuineIntel



---------------  S Y S T E M  ---------------

OS: Windows 10.0 , 64 bit Build 18362 (10.0.18362.959)

CPU:total 4 (initial active 4) (4 cores per cpu, 1 threads per core) family 6 model 158 stepping 9, cmov, cx8, fxsr, mmx, sse, sse2, sse3, ssse3, sse4.1, sse4.2, popcnt, avx, avx2, aes, clmul, erms, 3dnowpref, lzcnt, tsc, tscinvbit, bmi1, bmi2, adx

Memory: 4k page, physical 8297620k(939492k free), swap 10857620k(4112k free)

vm_info: Java HotSpot(TM) 64-Bit Server VM (25.251-b08) for windows-amd64 JRE (1.8.0_251-b08), built on Mar 12 2020 06:31:49 by "" with MS VC++ 10.0 (VS2010)

time: Wed Feb 03 14:17:06 2021
timezone: 中国标准时间
elapsed time: 0 seconds (0d 0h 0m 0s)

